[0.047s] Invoking command in '/home/behzad/ros2_ws/build/bumperbot_planning': /usr/bin/cmake --build /home/behzad/ros2_ws/build/bumperbot_planning -- -j12 -l12
[0.134s] -- Found ament_cmake: 1.3.12 (/opt/ros/humble/share/ament_cmake/cmake)
[0.459s] -- Found rclpy: 3.3.17 (/opt/ros/humble/share/rclpy/cmake)
[0.460s] -- Found nav_msgs: 4.9.0 (/opt/ros/humble/share/nav_msgs/cmake)
[0.509s] -- Found rosidl_generator_c: 3.1.7 (/opt/ros/humble/share/rosidl_generator_c/cmake)
[0.513s] -- Found rosidl_adapter: 3.1.7 (/opt/ros/humble/share/rosidl_adapter/cmake)
[0.523s] -- Found rosidl_generator_cpp: 3.1.7 (/opt/ros/humble/share/rosidl_generator_cpp/cmake)
[0.542s] -- Using all available rosidl_typesupport_c: rosidl_typesupport_fastrtps_c;rosidl_typesupport_introspection_c
[0.563s] -- Using all available rosidl_typesupport_cpp: rosidl_typesupport_fastrtps_cpp;rosidl_typesupport_introspection_cpp
[0.688s] -- Found tf2_ros: 0.25.16 (/opt/ros/humble/share/tf2_ros/cmake)
[0.795s] -- Found rmw_implementation_cmake: 6.1.2 (/opt/ros/humble/share/rmw_implementation_cmake/cmake)
[0.800s] -- Found rmw_fastrtps_cpp: 6.2.9 (/opt/ros/humble/share/rmw_fastrtps_cpp/cmake)
[0.979s] -- Using RMW implementation 'rmw_fastrtps_cpp' as default
[1.229s] Error parsing '/home/behzad/ros2_ws/src/bumperbot_planning/package.xml':
[1.280s] Traceback (most recent call last):
[1.280s]   File "/opt/ros/humble/share/ament_cmake_core/cmake/core/package_xml_2_cmake.py", line 150, in <module>
[1.280s]     main()
[1.280s]   File "/opt/ros/humble/share/ament_cmake_core/cmake/core/package_xml_2_cmake.py", line 53, in main
[1.280s]     raise e
[1.280s]   File "/opt/ros/humble/share/ament_cmake_core/cmake/core/package_xml_2_cmake.py", line 49, in main
[1.280s]     package = parse_package_string(
[1.280s]   File "/usr/lib/python3/dist-packages/catkin_pkg/package.py", line 786, in parse_package_string
[1.282s]     raise InvalidPackage('Error(s):%s' % (''.join(['\n- %s' % e for e in errors])), filename)
[1.282s] catkin_pkg.package.InvalidPackage: Error(s) in package '/home/behzad/ros2_ws/src/bumperbot_planning/package.xml':
[1.282s] Error(s):
[1.282s] - The generic dependency on 'rclcpp' is redundant with: build_depend, build_export_depend, exec_depend
[1.297s] [31mCMake Error at /opt/ros/humble/share/ament_cmake_core/cmake/core/ament_package_xml.cmake:95 (message):
[1.298s]   execute_process(/usr/bin/python3
[1.298s]   /opt/ros/humble/share/ament_cmake_core/cmake/core/package_xml_2_cmake.py
[1.298s]   /home/behzad/ros2_ws/src/bumperbot_planning/package.xml
[1.298s]   /home/behzad/ros2_ws/build/bumperbot_planning/ament_cmake_core/package.cmake)
[1.298s]   returned error code 1
[1.298s] Call Stack (most recent call first):
[1.298s]   /opt/ros/humble/share/ament_cmake_core/cmake/core/ament_package_xml.cmake:49 (_ament_package_xml)
[1.298s]   /opt/ros/humble/share/ament_cmake_python/cmake/ament_python_install_package.cmake:60 (ament_package_xml)
[1.298s]   /opt/ros/humble/share/ament_cmake_python/cmake/ament_python_install_package.cmake:39 (_ament_cmake_python_install_package)
[1.298s]   CMakeLists.txt:16 (ament_python_install_package)
[1.298s] 
[1.298s] [0m
[1.298s] -- Configuring incomplete, errors occurred!
[1.298s] See also "/home/behzad/ros2_ws/build/bumperbot_planning/CMakeFiles/CMakeOutput.log".
[1.316s] gmake: *** [Makefile:254: cmake_check_build_system] Error 1
[1.356s] Invoked command in '/home/behzad/ros2_ws/build/bumperbot_planning' returned '2': /usr/bin/cmake --build /home/behzad/ros2_ws/build/bumperbot_planning -- -j12 -l12
